<?xml version="1.0" encoding="UTF-8"?>
<!-- Generated by org.testng.reporters.JUnitReportReporter -->
<testsuite hostname="DESKTOP-OFL8S08" failures="0" tests="1" name="haypenny.testcases.SubmitContactRequest" time="92.681" errors="0" timestamp="2023-10-28T15:41:10 PKT" skipped="0">
  <testcase classname="haypenny.testcases.SubmitContactRequest" name="submitContactForm" time="92.681"/>
  <system-out/>
</testsuite> <!-- haypenny.testcases.SubmitContactRequest -->
