<?xml version="1.0" encoding="UTF-8"?>
<!-- Generated by org.testng.reporters.JUnitReportReporter -->
<testsuite hostname="DESKTOP-OFL8S08" failures="0" tests="2" name="haypenny.testcases.VisitPoilicyandHelpTopics" time="39.828" errors="0" timestamp="2023-10-28T15:41:10 PKT" skipped="0">
  <testcase classname="haypenny.testcases.VisitPoilicyandHelpTopics" name="visitPrivacyPolicyPage" time="18.925"/>
  <system-out/>
  <testcase classname="haypenny.testcases.VisitPoilicyandHelpTopics" name="visitHelpTopicPage" time="20.903"/>
  <system-out/>
</testsuite> <!-- haypenny.testcases.VisitPoilicyandHelpTopics -->
