<?xml version="1.0" encoding="UTF-8"?>
<!-- Generated by org.testng.reporters.JUnitReportReporter -->
<testsuite hostname="DESKTOP-OFL8S08" failures="0" tests="12" name="haypenny.testcases.WalletTestCases" time="576.180" errors="0" timestamp="2023-10-28T15:41:10 PKT" skipped="0">
  <testcase classname="haypenny.testcases.WalletTestCases" name="changeCurrencyUnitView" time="53.829"/>
  <system-out/>
  <testcase classname="haypenny.testcases.WalletTestCases" name="removeWalletPassword" time="52.554"/>
  <system-out/>
  <testcase classname="haypenny.testcases.WalletTestCases" name="exportWalletDataToJsonFile" time="60.529"/>
  <system-out/>
  <testcase classname="haypenny.testcases.WalletTestCases" name="addWalletDataInEmptyWallet" time="50.488"/>
  <system-out/>
  <testcase classname="haypenny.testcases.WalletTestCases" name="viewWalletCurrenciesBlockList" time="59.591"/>
  <system-out/>
  <testcase classname="haypenny.testcases.WalletTestCases" name="refreshWalletData" time="57.769"/>
  <system-out/>
  <testcase classname="haypenny.testcases.WalletTestCases" name="openPublicCurrencyPage" time="60.093"/>
  <system-out/>
  <testcase classname="haypenny.testcases.WalletTestCases" name="addBlockStringToWallet" time="20.279"/>
  <system-out/>
  <testcase classname="haypenny.testcases.WalletTestCases" name="viewWalletTransactions" time="52.903"/>
  <system-out/>
  <testcase classname="haypenny.testcases.WalletTestCases" name="clearWalletData" time="20.234"/>
  <system-out/>
  <testcase classname="haypenny.testcases.WalletTestCases" name="splitCurrencyToGetBlockString" time="70.608"/>
  <system-out/>
  <testcase classname="haypenny.testcases.WalletTestCases" name="setUpWalletPassword" time="17.303"/>
  <system-out/>
</testsuite> <!-- haypenny.testcases.WalletTestCases -->
