<?xml version="1.0" encoding="UTF-8"?>
<!-- Generated by org.testng.reporters.JUnitReportReporter -->
<testsuite hostname="DESKTOP-OFL8S08" failures="0" tests="11" name="haypenny.testcases.YourCurrenciesTestCases" time="456.875" errors="0" timestamp="2023-10-28T15:41:10 PKT" skipped="0">
  <testcase classname="haypenny.testcases.YourCurrenciesTestCases" name="logout" time="34.265"/>
  <system-out/>
  <testcase classname="haypenny.testcases.YourCurrenciesTestCases" name="loginUsingValidCreds" time="32.139"/>
  <system-out/>
  <testcase classname="haypenny.testcases.YourCurrenciesTestCases" name="updateCoinURLandByline" time="38.281"/>
  <system-out/>
  <testcase classname="haypenny.testcases.YourCurrenciesTestCases" name="markCurrencyBrandExclusive" time="34.339"/>
  <system-out/>
  <testcase classname="haypenny.testcases.YourCurrenciesTestCases" name="loginByRecoveringPassword" time="44.736"/>
  <system-out/>
  <testcase classname="haypenny.testcases.YourCurrenciesTestCases" name="changeOrUploadCurrencyImage" time="66.020"/>
  <system-out/>
  <testcase classname="haypenny.testcases.YourCurrenciesTestCases" name="seeLiveCoinPageOfAllYourCurrencies" time="31.573"/>
  <system-out/>
  <testcase classname="haypenny.testcases.YourCurrenciesTestCases" name="markedThisCurrencyPublic" time="63.813"/>
  <system-out/>
  <testcase classname="haypenny.testcases.YourCurrenciesTestCases" name="updateShortDescription" time="37.232"/>
  <system-out/>
  <testcase classname="haypenny.testcases.YourCurrenciesTestCases" name="updateCoinLongDescription" time="37.749"/>
  <system-out/>
  <testcase classname="haypenny.testcases.YourCurrenciesTestCases" name="changeEmailNotifications" time="36.728"/>
  <system-out/>
</testsuite> <!-- haypenny.testcases.YourCurrenciesTestCases -->
