<?xml version="1.0" encoding="UTF-8"?>
<!-- Generated by org.testng.reporters.JUnitReportReporter -->
<testsuite hostname="DESKTOP-OFL8S08" failures="0" tests="1" name="haypenny.testcases.WalletFunctions" time="30.027" errors="0" timestamp="2023-09-24T09:41:51 PKT" skipped="0">
  <testcase classname="haypenny.testcases.WalletFunctions" name="addBlockStringToWallet" time="30.027"/>
  <system-out/>
</testsuite> <!-- haypenny.testcases.WalletFunctions -->
