<?xml version="1.0" encoding="UTF-8"?>
<!-- Generated by org.testng.reporters.JUnitReportReporter -->
<testsuite hostname="DESKTOP-OFL8S08" failures="0" tests="3" name="haypenny.testcases.PublicCurrenciesTests" time="111.685" errors="0" timestamp="2023-10-28T15:41:10 PKT" skipped="0">
  <testcase classname="haypenny.testcases.PublicCurrenciesTests" name="getCurrencyInfo" time="50.487"/>
  <system-out/>
  <testcase classname="haypenny.testcases.PublicCurrenciesTests" name="openAllActivePublicCurrencies" time="19.790"/>
  <system-out/>
  <testcase classname="haypenny.testcases.PublicCurrenciesTests" name="goToPublicCurrencyPage" time="41.408"/>
  <system-out/>
</testsuite> <!-- haypenny.testcases.PublicCurrenciesTests -->
