<?xml version="1.0" encoding="UTF-8"?>
<!-- Generated by org.testng.reporters.JUnitReportReporter -->
<testsuite hostname="DESKTOP-OFL8S08" failures="0" tests="5" name="haypenny.testcases.TradingTestCases" time="301.667" errors="0" timestamp="2023-10-28T15:41:10 PKT" skipped="0">
  <testcase classname="haypenny.testcases.TradingTestCases" name="createNewOffer" time="85.311"/>
  <system-out/>
  <testcase classname="haypenny.testcases.TradingTestCases" name="viewActiveBidsTable" time="56.849"/>
  <system-out/>
  <testcase classname="haypenny.testcases.TradingTestCases" name="viewArchiveBidsTable" time="56.906"/>
  <system-out/>
  <testcase classname="haypenny.testcases.TradingTestCases" name="addWalletDataInEmptyWallet" time="50.963"/>
  <system-out/>
  <testcase classname="haypenny.testcases.TradingTestCases" name="viewActiveOffersTable" time="51.638"/>
  <system-out/>
</testsuite> <!-- haypenny.testcases.TradingTestCases -->
